{"logs": [{"_uuid": "fa541f8a-fb81-11ec-8498-7e3c8ca81f3b", "query": "SELECT booking.title \nFROM booking /*traceparent='00-e046b62bd714e68e56698cc2e842ebfe-fc3f3953baf2f44f-1'*/", "dbEngine": "postgresql", "date": "2022-07-04T10:13:41.081345", "plan": {"Plan": {"Node Type": "Seq Scan", "Parallel Aware": false, "Async Capable": false, "Relation Name": "booking", "Schema": "public", "Alias": "booking", "Startup Cost": 0.0, "Total Cost": 13.9, "Plan Rows": 390, "Plan Width": 178, "Output": ["title"]}, "Planning Time": 1.38}}], "framework": "FastAPI", "path": "/", "operationType": "GET", "requestDuration": 62.965, "requestStatus": 200}
{"logs": [{"_uuid": "fa545cc0-fb81-11ec-8498-7e3c8ca81f3b", "query": "INSERT INTO booking (title) VALUES (asdas) /*traceparent='00-7e35e5344ce56219e24976080875ca78-2a01978da9eaaf68-1'*/", "dbEngine": "postgresql", "date": "2022-07-04T10:13:41.082867", "plan": {"Plan": {"Node Type": "ModifyTable", "Operation": "Insert", "Parallel Aware": false, "Async Capable": false, "Relation Name": "booking", "Schema": "public", "Alias": "booking", "Startup Cost": 0.0, "Total Cost": 0.01, "Plan Rows": 0, "Plan Width": 0, "Plans": [{"Node Type": "Result", "Parent Relationship": "Outer", "Parallel Aware": false, "Async Capable": false, "Startup Cost": 0.0, "Total Cost": 0.01, "Plan Rows": 1, "Plan Width": 178, "Output": ["'asdas'::character varying(80)"]}]}, "Planning Time": 0.041}}, {"_uuid": "fa545ed2-fb81-11ec-8498-7e3c8ca81f3b", "query": "SELECT booking.title \nFROM booking ORDER BY booking.title /*traceparent='00-7e35e5344ce56219e24976080875ca78-40a5e7b6474d3902-1'*/", "dbEngine": "postgresql", "date": "2022-07-04T10:13:41.082910", "plan": {"Plan": {"Node Type": "Sort", "Parallel Aware": false, "Async Capable": false, "Startup Cost": 30.68, "Total Cost": 31.66, "Plan Rows": 390, "Plan Width": 178, "Output": ["title"], "Sort Key": ["booking.title"], "Plans": [{"Node Type": "Seq Scan", "Parent Relationship": "Outer", "Parallel Aware": false, "Async Capable": false, "Relation Name": "booking", "Schema": "public", "Alias": "booking", "Startup Cost": 0.0, "Total Cost": 13.9, "Plan Rows": 390, "Plan Width": 178, "Output": ["title"]}]}, "Planning Time": 0.166}}], "framework": "FastAPI", "path": "/", "operationType": "POST", "requestDuration": 48.474, "requestStatus": 200}
{"logs": [{"_uuid": "fa546ae4-fb81-11ec-8498-7e3c8ca81f3b", "query": "INSERT INTO booking (title) VALUES (asda) /*traceparent='00-83439cf0986e9145ed24b5e4b9a0f5ee-74c82acd11d37d6f-1'*/", "dbEngine": "postgresql", "date": "2022-07-04T10:13:41.083222", "plan": {"Plan": {"Node Type": "ModifyTable", "Operation": "Insert", "Parallel Aware": false, "Async Capable": false, "Relation Name": "booking", "Schema": "public", "Alias": "booking", "Startup Cost": 0.0, "Total Cost": 0.01, "Plan Rows": 0, "Plan Width": 0, "Plans": [{"Node Type": "Result", "Parent Relationship": "Outer", "Parallel Aware": false, "Async Capable": false, "Startup Cost": 0.0, "Total Cost": 0.01, "Plan Rows": 1, "Plan Width": 178, "Output": ["'asda'::character varying(80)"]}]}, "Planning Time": 0.067}}, {"_uuid": "fa546c2e-fb81-11ec-8498-7e3c8ca81f3b", "query": "SELECT booking.title \nFROM booking ORDER BY booking.title /*traceparent='00-83439cf0986e9145ed24b5e4b9a0f5ee-c9713228717171c0-1'*/", "dbEngine": "postgresql", "date": "2022-07-04T10:13:41.083252", "plan": {"Plan": {"Node Type": "Sort", "Parallel Aware": false, "Async Capable": false, "Startup Cost": 30.68, "Total Cost": 31.66, "Plan Rows": 390, "Plan Width": 178, "Output": ["title"], "Sort Key": ["booking.title"], "Plans": [{"Node Type": "Seq Scan", "Parent Relationship": "Outer", "Parallel Aware": false, "Async Capable": false, "Relation Name": "booking", "Schema": "public", "Alias": "booking", "Startup Cost": 0.0, "Total Cost": 13.9, "Plan Rows": 390, "Plan Width": 178, "Output": ["title"]}]}, "Planning Time": 0.053}}], "framework": "FastAPI", "path": "/", "operationType": "POST", "requestDuration": 34.783, "requestStatus": 200}
{"logs": [{"_uuid": "7d0bd4a6-076a-11ed-8f87-7e3c8ca81f3a", "query": "SELECT booking.title \nFROM booking /*traceparent='00-82e668af1537e2d317e7eebd73c632c8-205b7c5493a6c7fc-1'*/", "dbEngine": "postgresql", "date": "2022-07-19T13:55:46.422646", "plan": {"Plan": {"Node Type": "Seq Scan", "Parallel Aware": false, "Async Capable": false, "Relation Name": "booking", "Schema": "public", "Alias": "booking", "Startup Cost": 0.0, "Total Cost": 13.9, "Plan Rows": 390, "Plan Width": 178, "Output": ["title"]}, "Planning Time": 0.892}}], "framework": "FastAPI", "path": "/", "operationType": "GET", "requestDuration": 415.262, "requestStatus": 200}
{"logs": [{"_uuid": "7d0db12c-076a-11ed-8f87-7e3c8ca81f3a", "query": "INSERT INTO booking (title) VALUES (asdasd) /*traceparent='00-d4b2aa4d2faa9e2303ff187940df9353-a9fe98b720bf3769-1'*/", "dbEngine": "postgresql", "date": "2022-07-19T13:55:46.433774", "plan": {"Plan": {"Node Type": "ModifyTable", "Operation": "Insert", "Parallel Aware": false, "Async Capable": false, "Relation Name": "booking", "Schema": "public", "Alias": "booking", "Startup Cost": 0.0, "Total Cost": 0.01, "Plan Rows": 0, "Plan Width": 0, "Plans": [{"Node Type": "Result", "Parent Relationship": "Outer", "Parallel Aware": false, "Async Capable": false, "Startup Cost": 0.0, "Total Cost": 0.01, "Plan Rows": 1, "Plan Width": 178, "Output": ["'asdasd'::character varying(80)"]}]}, "Planning Time": 0.046}}, {"_uuid": "7d0dd10c-076a-11ed-8f87-7e3c8ca81f3a", "query": "SELECT booking.title \nFROM booking ORDER BY booking.title /*traceparent='00-d4b2aa4d2faa9e2303ff187940df9353-e80199c696245799-1'*/", "dbEngine": "postgresql", "date": "2022-07-19T13:55:46.433886", "plan": {"Plan": {"Node Type": "Sort", "Parallel Aware": false, "Async Capable": false, "Startup Cost": 30.68, "Total Cost": 31.66, "Plan Rows": 390, "Plan Width": 178, "Output": ["title"], "Sort Key": ["booking.title"], "Plans": [{"Node Type": "Seq Scan", "Parent Relationship": "Outer", "Parallel Aware": false, "Async Capable": false, "Relation Name": "booking", "Schema": "public", "Alias": "booking", "Startup Cost": 0.0, "Total Cost": 13.9, "Plan Rows": 390, "Plan Width": 178, "Output": ["title"]}]}, "Planning Time": 0.22}}], "framework": "FastAPI", "path": "/", "operationType": "POST", "requestDuration": 64.971, "requestStatus": 200}
{"logs": [{"_uuid": "8007563a-076a-11ed-8f87-7e3c8ca81f3a", "query": "INSERT INTO booking (title) VALUES (asdasd) /*traceparent='00-b06b3fd93a9f5110d35987d76a190275-6069be4c80882245-1'*/", "dbEngine": "postgresql", "date": "2022-07-19T13:55:51.424719", "plan": {"Plan": {"Node Type": "ModifyTable", "Operation": "Insert", "Parallel Aware": false, "Async Capable": false, "Relation Name": "booking", "Schema": "public", "Alias": "booking", "Startup Cost": 0.0, "Total Cost": 0.01, "Plan Rows": 0, "Plan Width": 0, "Plans": [{"Node Type": "Result", "Parent Relationship": "Outer", "Parallel Aware": false, "Async Capable": false, "Startup Cost": 0.0, "Total Cost": 0.01, "Plan Rows": 1, "Plan Width": 178, "Output": ["'asdasd'::character varying(80)"]}]}, "Planning Time": 0.045}}], "framework": "FastAPI", "path": "/", "operationType": "POST", "requestDuration": 51.187, "requestStatus": 400}
{"logs": [{"_uuid": "85fe9b66-076a-11ed-8f87-7e3c8ca81f3a", "query": "INSERT INTO booking (title) VALUES (asdasddd) /*traceparent='00-b71a0c5ea8f4076a02ed39051a641880-a07c080af1c0d297-1'*/", "dbEngine": "postgresql", "date": "2022-07-19T13:56:01.433734", "plan": {"Plan": {"Node Type": "ModifyTable", "Operation": "Insert", "Parallel Aware": false, "Async Capable": false, "Relation Name": "booking", "Schema": "public", "Alias": "booking", "Startup Cost": 0.0, "Total Cost": 0.01, "Plan Rows": 0, "Plan Width": 0, "Plans": [{"Node Type": "Result", "Parent Relationship": "Outer", "Parallel Aware": false, "Async Capable": false, "Startup Cost": 0.0, "Total Cost": 0.01, "Plan Rows": 1, "Plan Width": 178, "Output": ["'asdasddd'::character varying(80)"]}]}, "Planning Time": 0.43}}, {"_uuid": "85fe9fbc-076a-11ed-8f87-7e3c8ca81f3a", "query": "SELECT booking.title \nFROM booking ORDER BY booking.title /*traceparent='00-b71a0c5ea8f4076a02ed39051a641880-6f56f2e55f52941d-1'*/", "dbEngine": "postgresql", "date": "2022-07-19T13:56:01.433810", "plan": {"Plan": {"Node Type": "Sort", "Parallel Aware": false, "Async Capable": false, "Startup Cost": 30.68, "Total Cost": 31.66, "Plan Rows": 390, "Plan Width": 178, "Output": ["title"], "Sort Key": ["booking.title"], "Plans": [{"Node Type": "Seq Scan", "Parent Relationship": "Outer", "Parallel Aware": false, "Async Capable": false, "Relation Name": "booking", "Schema": "public", "Alias": "booking", "Startup Cost": 0.0, "Total Cost": 13.9, "Plan Rows": 390, "Plan Width": 178, "Output": ["title"]}]}, "Planning Time": 0.392}}], "framework": "FastAPI", "path": "/", "operationType": "POST", "requestDuration": 77.746, "requestStatus": 200}
{"logs": [{"_uuid": "88fa526a-076a-11ed-8f87-7e3c8ca81f3a", "query": "INSERT INTO booking (title) VALUES (112131) /*traceparent='00-5d2f17a5980a6aa0657104f23b78bb42-82c8526f721ffe98-1'*/", "dbEngine": "postgresql", "date": "2022-07-19T13:56:06.438823", "plan": {"Plan": {"Node Type": "ModifyTable", "Operation": "Insert", "Parallel Aware": false, "Async Capable": false, "Relation Name": "booking", "Schema": "public", "Alias": "booking", "Startup Cost": 0.0, "Total Cost": 0.01, "Plan Rows": 0, "Plan Width": 0, "Plans": [{"Node Type": "Result", "Parent Relationship": "Outer", "Parallel Aware": false, "Async Capable": false, "Startup Cost": 0.0, "Total Cost": 0.01, "Plan Rows": 1, "Plan Width": 178, "Output": ["'112131'::character varying(80)"]}]}, "Planning Time": 0.044}}, {"_uuid": "88fa5710-076a-11ed-8f87-7e3c8ca81f3a", "query": "SELECT booking.title \nFROM booking ORDER BY booking.title /*traceparent='00-5d2f17a5980a6aa0657104f23b78bb42-b5e24c7ab46fee59-1'*/", "dbEngine": "postgresql", "date": "2022-07-19T13:56:06.438899", "plan": {"Plan": {"Node Type": "Sort", "Parallel Aware": false, "Async Capable": false, "Startup Cost": 30.68, "Total Cost": 31.66, "Plan Rows": 390, "Plan Width": 178, "Output": ["title"], "Sort Key": ["booking.title"], "Plans": [{"Node Type": "Seq Scan", "Parent Relationship": "Outer", "Parallel Aware": false, "Async Capable": false, "Relation Name": "booking", "Schema": "public", "Alias": "booking", "Startup Cost": 0.0, "Total Cost": 13.9, "Plan Rows": 390, "Plan Width": 178, "Output": ["title"]}]}, "Planning Time": 0.047}}], "framework": "FastAPI", "path": "/", "operationType": "POST", "requestDuration": 47.307, "requestStatus": 200}
{"logs": [{"_uuid": "88fa81e0-076a-11ed-8f87-7e3c8ca81f3a", "query": "INSERT INTO booking (title) VALUES (2#$@#$) /*traceparent='00-28982b85758dc0b4ac961bf4849f6322-b7eeec3710be0c56-1'*/", "dbEngine": "postgresql", "date": "2022-07-19T13:56:06.440003", "plan": {"Plan": {"Node Type": "ModifyTable", "Operation": "Insert", "Parallel Aware": false, "Async Capable": false, "Relation Name": "booking", "Schema": "public", "Alias": "booking", "Startup Cost": 0.0, "Total Cost": 0.01, "Plan Rows": 0, "Plan Width": 0, "Plans": [{"Node Type": "Result", "Parent Relationship": "Outer", "Parallel Aware": false, "Async Capable": false, "Startup Cost": 0.0, "Total Cost": 0.01, "Plan Rows": 1, "Plan Width": 178, "Output": ["'2#$@#$'::character varying(80)"]}]}, "Planning Time": 0.023}}, {"_uuid": "88fa83ca-076a-11ed-8f87-7e3c8ca81f3a", "query": "SELECT booking.title \nFROM booking ORDER BY booking.title /*traceparent='00-28982b85758dc0b4ac961bf4849f6322-1034464f93c364e9-1'*/", "dbEngine": "postgresql", "date": "2022-07-19T13:56:06.440041", "plan": {"Plan": {"Node Type": "Sort", "Parallel Aware": false, "Async Capable": false, "Startup Cost": 30.68, "Total Cost": 31.66, "Plan Rows": 390, "Plan Width": 178, "Output": ["title"], "Sort Key": ["booking.title"], "Plans": [{"Node Type": "Seq Scan", "Parent Relationship": "Outer", "Parallel Aware": false, "Async Capable": false, "Relation Name": "booking", "Schema": "public", "Alias": "booking", "Startup Cost": 0.0, "Total Cost": 13.9, "Plan Rows": 390, "Plan Width": 178, "Output": ["title"]}]}, "Planning Time": 0.044}}], "framework": "FastAPI", "path": "/", "operationType": "POST", "requestDuration": 40.581, "requestStatus": 200}
{"logs": [{"_uuid": "8a2b9938-080e-11ed-82a5-7e3c8ca81f3a", "query": "SELECT booking.book.title \nFROM booking.book /*traceparent='00-11bdfa6bc4f7164ef7bf00fad9d130c2-24a0c7a3c44f13a5-1'*/", "dbEngine": "postgresql", "date": "2022-07-20T09:30:05.912094", "plan": {"Plan": {"Node Type": "Seq Scan", "Parallel Aware": false, "Relation Name": "book", "Schema": "booking", "Alias": "book", "Startup Cost": 0.0, "Total Cost": 1.01, "Plan Rows": 1, "Plan Width": 9, "Output": ["title"]}, "Planning Time": 0.091}}], "framework": "FastAPI", "path": "/", "operationType": "GET", "requestDuration": 2602.309, "requestStatus": 200}
{"logs": [{"_uuid": "8d22dfde-080e-11ed-82a5-7e3c8ca81f3a", "query": "INSERT INTO booking.book (title) VALUES (123123) /*traceparent='00-16d211676f440d1a488c393d0c529afd-1a67da28dd219c6e-1'*/", "dbEngine": "postgresql", "date": "2022-07-20T09:30:10.879126", "plan": {"Plan": {"Node Type": "ModifyTable", "Operation": "Insert", "Parallel Aware": false, "Relation Name": "book", "Schema": "booking", "Alias": "book", "Startup Cost": 0.0, "Total Cost": 0.01, "Plan Rows": 1, "Plan Width": 178, "Plans": [{"Node Type": "Result", "Parent Relationship": "Member", "Parallel Aware": false, "Startup Cost": 0.0, "Total Cost": 0.01, "Plan Rows": 1, "Plan Width": 178, "Output": ["'123123'::character varying(80)"]}]}, "Planning Time": 0.047}}, {"_uuid": "8d22e484-080e-11ed-82a5-7e3c8ca81f3a", "query": "SELECT booking.book.title \nFROM booking.book ORDER BY booking.book.title /*traceparent='00-16d211676f440d1a488c393d0c529afd-c28c8b0679414b1d-1'*/", "dbEngine": "postgresql", "date": "2022-07-20T09:30:10.879206", "plan": {"Plan": {"Node Type": "Sort", "Parallel Aware": false, "Startup Cost": 1.02, "Total Cost": 1.02, "Plan Rows": 1, "Plan Width": 9, "Output": ["title"], "Sort Key": ["book.title"], "Plans": [{"Node Type": "Seq Scan", "Parent Relationship": "Outer", "Parallel Aware": false, "Relation Name": "book", "Schema": "booking", "Alias": "book", "Startup Cost": 0.0, "Total Cost": 1.01, "Plan Rows": 1, "Plan Width": 9, "Output": ["title"]}]}, "Planning Time": 0.129}}], "framework": "FastAPI", "path": "/", "operationType": "POST", "requestDuration": 995.205, "requestStatus": 200}
{"logs": [{"_uuid": "8d22f816-080e-11ed-82a5-7e3c8ca81f3a", "query": "INSERT INTO booking.book (title) VALUES () /*traceparent='00-3b03075cdf8c743a0c81afc92bb05ac9-80671881e89fec9e-1'*/", "dbEngine": "postgresql", "date": "2022-07-20T09:30:10.879707", "plan": {"Plan": {"Node Type": "ModifyTable", "Operation": "Insert", "Parallel Aware": false, "Relation Name": "book", "Schema": "booking", "Alias": "book", "Startup Cost": 0.0, "Total Cost": 0.01, "Plan Rows": 1, "Plan Width": 178, "Plans": [{"Node Type": "Result", "Parent Relationship": "Member", "Parallel Aware": false, "Startup Cost": 0.0, "Total Cost": 0.01, "Plan Rows": 1, "Plan Width": 178, "Output": ["''::character varying(80)"]}]}, "Planning Time": 0.04}}, {"_uuid": "8d22f974-080e-11ed-82a5-7e3c8ca81f3a", "query": "SELECT booking.book.title \nFROM booking.book ORDER BY booking.book.title /*traceparent='00-3b03075cdf8c743a0c81afc92bb05ac9-7977496ce5f5d208-1'*/", "dbEngine": "postgresql", "date": "2022-07-20T09:30:10.879739", "plan": {"Plan": {"Node Type": "Sort", "Parallel Aware": false, "Startup Cost": 1.02, "Total Cost": 1.02, "Plan Rows": 1, "Plan Width": 9, "Output": ["title"], "Sort Key": ["book.title"], "Plans": [{"Node Type": "Seq Scan", "Parent Relationship": "Outer", "Parallel Aware": false, "Relation Name": "book", "Schema": "booking", "Alias": "book", "Startup Cost": 0.0, "Total Cost": 1.01, "Plan Rows": 1, "Plan Width": 9, "Output": ["title"]}]}, "Planning Time": 0.065}}], "framework": "FastAPI", "path": "/", "operationType": "POST", "requestDuration": 994.482, "requestStatus": 200}
{"logs": [{"_uuid": "901e7194-080e-11ed-82a5-7e3c8ca81f3a", "query": "INSERT INTO booking.book (title) VALUES () /*traceparent='00-a8d6f9325eeb89aa21afa689b6043f78-52fb87028d5645dc-1'*/", "dbEngine": "postgresql", "date": "2022-07-20T09:30:15.883244", "plan": {"Plan": {"Node Type": "ModifyTable", "Operation": "Insert", "Parallel Aware": false, "Relation Name": "book", "Schema": "booking", "Alias": "book", "Startup Cost": 0.0, "Total Cost": 0.01, "Plan Rows": 1, "Plan Width": 178, "Plans": [{"Node Type": "Result", "Parent Relationship": "Member", "Parallel Aware": false, "Startup Cost": 0.0, "Total Cost": 0.01, "Plan Rows": 1, "Plan Width": 178, "Output": ["''::character varying(80)"]}]}, "Planning Time": 0.041}}, {"_uuid": "901e7478-080e-11ed-82a5-7e3c8ca81f3a", "query": "SELECT booking.book.title \nFROM booking.book ORDER BY booking.book.title /*traceparent='00-a8d6f9325eeb89aa21afa689b6043f78-23907db1f6630864-1'*/", "dbEngine": "postgresql", "date": "2022-07-20T09:30:15.883281", "plan": {"Plan": {"Node Type": "Sort", "Parallel Aware": false, "Startup Cost": 1.02, "Total Cost": 1.02, "Plan Rows": 1, "Plan Width": 9, "Output": ["title"], "Sort Key": ["book.title"], "Plans": [{"Node Type": "Seq Scan", "Parent Relationship": "Outer", "Parallel Aware": false, "Relation Name": "book", "Schema": "booking", "Alias": "book", "Startup Cost": 0.0, "Total Cost": 1.01, "Plan Rows": 1, "Plan Width": 9, "Output": ["title"]}]}, "Planning Time": 0.059}}], "framework": "FastAPI", "path": "/", "operationType": "POST", "requestDuration": 1014.466, "requestStatus": 200}
{"logs": [{"_uuid": "901e8120-080e-11ed-82a5-7e3c8ca81f3a", "query": "INSERT INTO booking.book (title) VALUES (123k1m2) /*traceparent='00-7d51674f90d2081635e739f20afae320-3938fc7f83021ab6-1'*/", "dbEngine": "postgresql", "date": "2022-07-20T09:30:15.883605", "plan": {"Plan": {"Node Type": "ModifyTable", "Operation": "Insert", "Parallel Aware": false, "Relation Name": "book", "Schema": "booking", "Alias": "book", "Startup Cost": 0.0, "Total Cost": 0.01, "Plan Rows": 1, "Plan Width": 178, "Plans": [{"Node Type": "Result", "Parent Relationship": "Member", "Parallel Aware": false, "Startup Cost": 0.0, "Total Cost": 0.01, "Plan Rows": 1, "Plan Width": 178, "Output": ["'123k1m2'::character varying(80)"]}]}, "Planning Time": 0.04}}, {"_uuid": "901e81ac-080e-11ed-82a5-7e3c8ca81f3a", "query": "SELECT booking.book.title \nFROM booking.book ORDER BY booking.book.title /*traceparent='00-7d51674f90d2081635e739f20afae320-53a45c069030be06-1'*/", "dbEngine": "postgresql", "date": "2022-07-20T09:30:15.883617", "plan": {"Plan": {"Node Type": "Sort", "Parallel Aware": false, "Startup Cost": 1.02, "Total Cost": 1.02, "Plan Rows": 1, "Plan Width": 9, "Output": ["title"], "Sort Key": ["book.title"], "Plans": [{"Node Type": "Seq Scan", "Parent Relationship": "Outer", "Parallel Aware": false, "Relation Name": "book", "Schema": "booking", "Alias": "book", "Startup Cost": 0.0, "Total Cost": 1.01, "Plan Rows": 1, "Plan Width": 9, "Output": ["title"]}]}, "Planning Time": 0.079}}], "framework": "FastAPI", "path": "/", "operationType": "POST", "requestDuration": 1121.627, "requestStatus": 200}
{"logs": [{"_uuid": "931b4822-080e-11ed-82a5-7e3c8ca81f3a", "query": "INSERT INTO booking.book (title) VALUES (12$!#@R#%$*) /*traceparent='00-b4394d768ba0f0ae3911fe97cd1c18c0-7a5291c784763414-1'*/", "dbEngine": "postgresql", "date": "2022-07-20T09:30:20.896519", "plan": {"Plan": {"Node Type": "ModifyTable", "Operation": "Insert", "Parallel Aware": false, "Relation Name": "book", "Schema": "booking", "Alias": "book", "Startup Cost": 0.0, "Total Cost": 0.01, "Plan Rows": 1, "Plan Width": 178, "Plans": [{"Node Type": "Result", "Parent Relationship": "Member", "Parallel Aware": false, "Startup Cost": 0.0, "Total Cost": 0.01, "Plan Rows": 1, "Plan Width": 178, "Output": ["'12$!#@R#%$*'::character varying(80)"]}]}, "Planning Time": 0.039}}, {"_uuid": "931b777a-080e-11ed-82a5-7e3c8ca81f3a", "query": "SELECT booking.book.title \nFROM booking.book ORDER BY booking.book.title /*traceparent='00-b4394d768ba0f0ae3911fe97cd1c18c0-db4a395d799b6ddd-1'*/", "dbEngine": "postgresql", "date": "2022-07-20T09:30:20.896883", "plan": {"Plan": {"Node Type": "Sort", "Parallel Aware": false, "Startup Cost": 1.02, "Total Cost": 1.02, "Plan Rows": 1, "Plan Width": 9, "Output": ["title"], "Sort Key": ["book.title"], "Plans": [{"Node Type": "Seq Scan", "Parent Relationship": "Outer", "Parallel Aware": false, "Relation Name": "book", "Schema": "booking", "Alias": "book", "Startup Cost": 0.0, "Total Cost": 1.01, "Plan Rows": 1, "Plan Width": 9, "Output": ["title"]}]}, "Planning Time": 0.07}}], "framework": "FastAPI", "path": "/", "operationType": "POST", "requestDuration": 1686.343, "requestStatus": 200}
{"logs": [{"_uuid": "9616e608-080e-11ed-82a5-7e3c8ca81f3a", "query": "SELECT booking.book.title AS booking_book_title \nFROM booking.book \nWHERE booking.book.title = 123123 /*traceparent='00-e46cd328ca8cced6e6e3b988ae9f72a7-1b96274fd3c1d969-1'*/", "dbEngine": "postgresql", "date": "2022-07-20T09:30:25.900242", "plan": {"Plan": {"Node Type": "Seq Scan", "Parallel Aware": false, "Relation Name": "book", "Schema": "booking", "Alias": "book", "Startup Cost": 0.0, "Total Cost": 1.01, "Plan Rows": 1, "Plan Width": 9, "Output": ["title"], "Filter": "((book.title)::text = '123123'::text)"}, "Planning Time": 1.339}}, {"_uuid": "9616f3c8-080e-11ed-82a5-7e3c8ca81f3a", "query": "DELETE FROM booking.book WHERE booking.book.title = 123123 /*traceparent='00-e46cd328ca8cced6e6e3b988ae9f72a7-79b3173c0adbea1c-1'*/", "dbEngine": "postgresql", "date": "2022-07-20T09:30:25.900441", "plan": {"Plan": {"Node Type": "ModifyTable", "Operation": "Delete", "Parallel Aware": false, "Relation Name": "book", "Schema": "booking", "Alias": "book", "Startup Cost": 0.0, "Total Cost": 1.01, "Plan Rows": 1, "Plan Width": 6, "Plans": [{"Node Type": "Seq Scan", "Parent Relationship": "Member", "Parallel Aware": false, "Relation Name": "book", "Schema": "booking", "Alias": "book", "Startup Cost": 0.0, "Total Cost": 1.01, "Plan Rows": 1, "Plan Width": 6, "Output": ["ctid"], "Filter": "((book.title)::text = '123123'::text)"}]}, "Planning Time": 0.066}}, {"_uuid": "9616f4c2-080e-11ed-82a5-7e3c8ca81f3a", "query": "SELECT booking.book.title \nFROM booking.book ORDER BY booking.book.title /*traceparent='00-e46cd328ca8cced6e6e3b988ae9f72a7-689b69a83fa794a9-1'*/", "dbEngine": "postgresql", "date": "2022-07-20T09:30:25.900464", "plan": {"Plan": {"Node Type": "Sort", "Parallel Aware": false, "Startup Cost": 1.02, "Total Cost": 1.02, "Plan Rows": 1, "Plan Width": 9, "Output": ["title"], "Sort Key": ["book.title"], "Plans": [{"Node Type": "Seq Scan", "Parent Relationship": "Outer", "Parallel Aware": false, "Relation Name": "book", "Schema": "booking", "Alias": "book", "Startup Cost": 0.0, "Total Cost": 1.01, "Plan Rows": 1, "Plan Width": 9, "Output": ["title"]}]}, "Planning Time": 0.072}}], "framework": "FastAPI", "path": "/delete", "operationType": "POST", "requestDuration": 3524.626, "requestStatus": 200}
{"logs": [{"_uuid": "96170516-080e-11ed-82a5-7e3c8ca81f3a", "query": "SELECT booking.book.title AS booking_book_title \nFROM booking.book \nWHERE booking.book.title = 123k1m2 /*traceparent='00-bd43f83624eddac1e07761312917e498-93f40e7d208dba5a-1'*/", "dbEngine": "postgresql", "date": "2022-07-20T09:30:25.900884", "plan": {"Plan": {"Node Type": "Seq Scan", "Parallel Aware": false, "Relation Name": "book", "Schema": "booking", "Alias": "book", "Startup Cost": 0.0, "Total Cost": 1.01, "Plan Rows": 1, "Plan Width": 9, "Output": ["title"], "Filter": "((book.title)::text = '123k1m2'::text)"}, "Planning Time": 0.058}}, {"_uuid": "9617058e-080e-11ed-82a5-7e3c8ca81f3a", "query": "DELETE FROM booking.book WHERE booking.book.title = 123k1m2 /*traceparent='00-bd43f83624eddac1e07761312917e498-909c9d4152b34c24-1'*/", "dbEngine": "postgresql", "date": "2022-07-20T09:30:25.900894", "plan": {"Plan": {"Node Type": "ModifyTable", "Operation": "Delete", "Parallel Aware": false, "Relation Name": "book", "Schema": "booking", "Alias": "book", "Startup Cost": 0.0, "Total Cost": 1.01, "Plan Rows": 1, "Plan Width": 6, "Plans": [{"Node Type": "Seq Scan", "Parent Relationship": "Member", "Parallel Aware": false, "Relation Name": "book", "Schema": "booking", "Alias": "book", "Startup Cost": 0.0, "Total Cost": 1.01, "Plan Rows": 1, "Plan Width": 6, "Output": ["ctid"], "Filter": "((book.title)::text = '123k1m2'::text)"}]}, "Planning Time": 0.066}}, {"_uuid": "961705e8-080e-11ed-82a5-7e3c8ca81f3a", "query": "SELECT booking.book.title \nFROM booking.book ORDER BY booking.book.title /*traceparent='00-bd43f83624eddac1e07761312917e498-58bf7efd9154bfa0-1'*/", "dbEngine": "postgresql", "date": "2022-07-20T09:30:25.900903", "plan": {"Plan": {"Node Type": "Sort", "Parallel Aware": false, "Startup Cost": 1.02, "Total Cost": 1.02, "Plan Rows": 1, "Plan Width": 9, "Output": ["title"], "Sort Key": ["book.title"], "Plans": [{"Node Type": "Seq Scan", "Parent Relationship": "Outer", "Parallel Aware": false, "Relation Name": "book", "Schema": "booking", "Alias": "book", "Startup Cost": 0.0, "Total Cost": 1.01, "Plan Rows": 1, "Plan Width": 9, "Output": ["title"]}]}, "Planning Time": 0.062}}], "framework": "FastAPI", "path": "/delete", "operationType": "POST", "requestDuration": 1647.732, "requestStatus": 200}
{"logs": [{"_uuid": "a2053c3a-080e-11ed-82a5-7e3c8ca81f3a", "query": "INSERT INTO booking.book (title) VALUES (112121212) /*traceparent='00-f4a9281262ac685bef67a0d8c3ebf369-6132559dbb18dbe0-1'*/", "dbEngine": "postgresql", "date": "2022-07-20T09:30:45.917051", "plan": {"Plan": {"Node Type": "ModifyTable", "Operation": "Insert", "Parallel Aware": false, "Relation Name": "book", "Schema": "booking", "Alias": "book", "Startup Cost": 0.0, "Total Cost": 0.01, "Plan Rows": 1, "Plan Width": 178, "Plans": [{"Node Type": "Result", "Parent Relationship": "Member", "Parallel Aware": false, "Startup Cost": 0.0, "Total Cost": 0.01, "Plan Rows": 1, "Plan Width": 178, "Output": ["'112121212'::character varying(80)"]}]}, "Planning Time": 0.052}}, {"_uuid": "a2054054-080e-11ed-82a5-7e3c8ca81f3a", "query": "SELECT booking.book.title \nFROM booking.book ORDER BY booking.book.title /*traceparent='00-f4a9281262ac685bef67a0d8c3ebf369-a47ef3c81bfdc539-1'*/", "dbEngine": "postgresql", "date": "2022-07-20T09:30:45.917096", "plan": {"Plan": {"Node Type": "Sort", "Parallel Aware": false, "Startup Cost": 1.05, "Total Cost": 1.06, "Plan Rows": 3, "Plan Width": 4, "Output": ["title"], "Sort Key": ["book.title"], "Plans": [{"Node Type": "Seq Scan", "Parent Relationship": "Outer", "Parallel Aware": false, "Relation Name": "book", "Schema": "booking", "Alias": "book", "Startup Cost": 0.0, "Total Cost": 1.03, "Plan Rows": 3, "Plan Width": 4, "Output": ["title"]}]}, "Planning Time": 0.148}}], "framework": "FastAPI", "path": "/", "operationType": "POST", "requestDuration": 1127.239, "requestStatus": 200}
{"logs": [{"_uuid": "b9598e90-080e-11ed-b0d6-7e3c8ca81f3a", "query": "SELECT booking.book.title \nFROM booking.book /*traceparent='00-97b4f85ca5600c10e46f6cd39723d823-e8b34910dae9e6f0-1'*/", "dbEngine": "postgresql", "date": "2022-07-20T09:31:25.057270", "plan": {"Plan": {"Node Type": "Seq Scan", "Parallel Aware": false, "Relation Name": "book", "Schema": "booking", "Alias": "book", "Startup Cost": 0.0, "Total Cost": 1.03, "Plan Rows": 3, "Plan Width": 4, "Output": ["title"]}, "Planning Time": 0.096}}], "framework": "FastAPI", "path": "/", "operationType": "GET", "requestDuration": 2685.471, "requestStatus": 200}
{"logs": [{"_uuid": "bc56678a-080e-11ed-b0d6-7e3c8ca81f3a", "query": "SELECT booking.book.title \nFROM booking.book /*traceparent='00-0be0af3f8df081f448f0e59fd2c4d967-e6d4cecff59dbe22-1'*/", "dbEngine": "postgresql", "date": "2022-07-20T09:31:30.071565", "plan": {"Plan": {"Node Type": "Seq Scan", "Parallel Aware": false, "Relation Name": "book", "Schema": "booking", "Alias": "book", "Startup Cost": 0.0, "Total Cost": 1.03, "Plan Rows": 3, "Plan Width": 4, "Output": ["title"]}, "Planning Time": 0.039}}], "framework": "FastAPI", "path": "/", "operationType": "GET", "requestDuration": 628.682, "requestStatus": 200}
{"logs": [{"_uuid": "c24de0dc-080e-11ed-b0d6-7e3c8ca81f3a", "query": "SELECT booking.book.title AS booking_book_title \nFROM booking.book \nWHERE booking.book.title = 112121212 /*traceparent='00-457578016d9cbc65861a0ed50c9a33f3-4e7ef11375dfcd55-1'*/", "dbEngine": "postgresql", "date": "2022-07-20T09:31:40.080326", "plan": {"Plan": {"Node Type": "Seq Scan", "Parallel Aware": false, "Relation Name": "book", "Schema": "booking", "Alias": "book", "Startup Cost": 0.0, "Total Cost": 1.04, "Plan Rows": 1, "Plan Width": 4, "Output": ["title"], "Filter": "((book.title)::text = '112121212'::text)"}, "Planning Time": 0.139}}, {"_uuid": "c24deb68-080e-11ed-b0d6-7e3c8ca81f3a", "query": "DELETE FROM booking.book WHERE booking.book.title = 112121212 /*traceparent='00-457578016d9cbc65861a0ed50c9a33f3-a8e9d76e86008dd5-1'*/", "dbEngine": "postgresql", "date": "2022-07-20T09:31:40.080459", "plan": {"Plan": {"Node Type": "ModifyTable", "Operation": "Delete", "Parallel Aware": false, "Relation Name": "book", "Schema": "booking", "Alias": "book", "Startup Cost": 0.0, "Total Cost": 1.04, "Plan Rows": 1, "Plan Width": 6, "Plans": [{"Node Type": "Seq Scan", "Parent Relationship": "Member", "Parallel Aware": false, "Relation Name": "book", "Schema": "booking", "Alias": "book", "Startup Cost": 0.0, "Total Cost": 1.04, "Plan Rows": 1, "Plan Width": 6, "Output": ["ctid"], "Filter": "((book.title)::text = '112121212'::text)"}]}, "Planning Time": 0.065}}, {"_uuid": "c24deef6-080e-11ed-b0d6-7e3c8ca81f3a", "query": "SELECT booking.book.title \nFROM booking.book ORDER BY booking.book.title /*traceparent='00-457578016d9cbc65861a0ed50c9a33f3-8f048470879af781-1'*/", "dbEngine": "postgresql", "date": "2022-07-20T09:31:40.080547", "plan": {"Plan": {"Node Type": "Sort", "Parallel Aware": false, "Startup Cost": 1.05, "Total Cost": 1.06, "Plan Rows": 3, "Plan Width": 4, "Output": ["title"], "Sort Key": ["book.title"], "Plans": [{"Node Type": "Seq Scan", "Parent Relationship": "Outer", "Parallel Aware": false, "Relation Name": "book", "Schema": "booking", "Alias": "book", "Startup Cost": 0.0, "Total Cost": 1.03, "Plan Rows": 3, "Plan Width": 4, "Output": ["title"]}]}, "Planning Time": 0.094}}], "framework": "FastAPI", "path": "/delete", "operationType": "POST", "requestDuration": 1858.744, "requestStatus": 200}
